<?xml version="1.0" encoding="UTF-8"?>
<testsuite xmlns:xsi="http://www.w3.org/2001/XMLSchema-instance" xsi:noNamespaceSchemaLocation="https://maven.apache.org/surefire/maven-surefire-plugin/xsd/surefire-test-report-3.0.xsd" version="3.0" name="com.odiga.mytrip.OdigaApplicationTests" time="6.817" tests="1" errors="0" skipped="0" failures="0">
  <properties>
[...]
</properties>
  <testcase name="contextLoads" classname="com.odiga.mytrip.OdigaApplicationTests" time="1.401">
    <system-out><![CDATA[20:08:47.808 [main] INFO org.springframework.test.context.support.AnnotationConfigContextLoaderUtils -- Could not detect default configuration classes for test class [com.odiga.mytrip.OdigaApplicationTests]: OdigaApplicationTests does not declare any static, non-private, non-final, nested classes annotated with @Configuration.
20:08:48.007 [main] INFO org.springframework.boot.test.context.SpringBootTestContextBootstrapper -- Found @SpringBootConfiguration com.odiga.mytrip.OdigaApplication for test class com.odiga.mytrip.OdigaApplicationTests
20:08:48.329 [main] INFO org.springframework.boot.devtools.restart.RestartApplicationListener -- Restart disabled due to context in which it is running

  .   ____          _            __ _ _
 /\\ / ___'_ __ _ _(_)_ __  __ _ \ \ \ \
( ( )\___ | '_ | '_| | '_ \/ _` | \ \ \ \
 \\/  ___)| |_)| | | | | || (_| |  ) ) ) )
  '  |____| .__|_| |_|_| |_\__, | / / / /
 =========|_|==============|___/=/_/_/_/
 :: Spring Boot ::                (v3.2.4)

2024-04-18T20:08:48.825+09:00  INFO 2888 --- [odiga] [           main] com.odiga.mytrip.OdigaApplicationTests   : Starting OdigaApplicationTests using Java 17.0.7 with PID 2888 (started by vmfdo in C:\Users\vmfdo\IdeaProjects\odiga\odiga_backend)
2024-04-18T20:08:48.828+09:00  INFO 2888 --- [odiga] [           main] com.odiga.mytrip.OdigaApplicationTests   : The following 1 profile is active: "secret"
2024-04-18T20:08:51.966+09:00  INFO 2888 --- [odiga] [           main] o.s.b.a.w.s.WelcomePageHandlerMapping    : Adding welcome page: class path resource [static/index.html]
2024-04-18T20:08:52.358+09:00  INFO 2888 --- [odiga] [           main] o.s.s.web.DefaultSecurityFilterChain     : Will secure any request with [org.springframework.security.web.session.DisableEncodeUrlFilter@6bcdd6e4, org.springframework.security.web.context.request.async.WebAsyncManagerIntegrationFilter@1192c925, org.springframework.security.web.context.SecurityContextHolderFilter@b8a144e, org.springframework.security.web.header.HeaderWriterFilter@2edb2f8b, org.springframework.web.filter.CorsFilter@615b5480, org.springframework.security.web.authentication.logout.LogoutFilter@4e4395c, org.springframework.security.oauth2.client.web.OAuth2AuthorizationRequestRedirectFilter@52aa7742, org.springframework.security.oauth2.client.web.OAuth2LoginAuthenticationFilter@34d9df9f, com.odiga.mytrip.member.jwt.JWTFilter@24691c5, com.odiga.mytrip.member.jwt.LoginFilter@7b91d9f, org.springframework.security.web.authentication.ui.DefaultLoginPageGeneratingFilter@554566a8, org.springframework.security.web.authentication.ui.DefaultLogoutPageGeneratingFilter@6537ac, org.springframework.security.web.savedrequest.RequestCacheAwareFilter@3e38c472, org.springframework.security.web.servletapi.SecurityContextHolderAwareRequestFilter@2ee92e7d, org.springframework.security.web.authentication.AnonymousAuthenticationFilter@3b218c74, org.springframework.security.web.session.SessionManagementFilter@21dea711, org.springframework.security.web.access.ExceptionTranslationFilter@307c59ea, org.springframework.security.web.access.intercept.AuthorizationFilter@56b1e527]
2024-04-18T20:08:52.868+09:00  INFO 2888 --- [odiga] [           main] com.odiga.mytrip.OdigaApplicationTests   : Started OdigaApplicationTests in 4.56 seconds (process running for 6.326)
]]></system-out>
  </testcase>
</testsuite>